<?xml version="1.0" encoding="UTF-8"?>
<testsuite name="com.dsags.heaps.MinHeapTest" tests="7" skipped="0" failures="0" errors="0" timestamp="2021-05-09T01:36:50" hostname="Keagans-MBP" time="0.005">
  <properties/>
  <testcase name="shouldBeDynamicWhenSizeIsAQuarterOfCapacity()" classname="com.dsags.heaps.MinHeapTest" time="0.0"/>
  <testcase name="canAddTwoObjectsToMinHeap()" classname="com.dsags.heaps.MinHeapTest" time="0.0"/>
  <testcase name="shouldAddAndRemoveItemsWhileMinNumIsAtTop()" classname="com.dsags.heaps.MinHeapTest" time="0.002"/>
  <testcase name="shouldRemoveTopOfHeap()" classname="com.dsags.heaps.MinHeapTest" time="0.0"/>
  <testcase name="shouldBeDynamicWhenSizeIsGreaterThanCapacity()" classname="com.dsags.heaps.MinHeapTest" time="0.0"/>
  <testcase name="minHeapShouldStartEmpty()" classname="com.dsags.heaps.MinHeapTest" time="0.0"/>
  <testcase name="canAddSingleObjectToMinHeap()" classname="com.dsags.heaps.MinHeapTest" time="0.0"/>
  <system-out><![CDATA[]]></system-out>
  <system-err><![CDATA[]]></system-err>
</testsuite>
