<?xml version="1.0" encoding="UTF-8"?>
<testsuite name="com.dsags.queues.QueueTest" tests="8" skipped="0" failures="0" errors="0" timestamp="2021-05-18T17:43:09" hostname="Keagans-MBP" time="0.007">
  <properties/>
  <testcase name="shouldBeAbleToAddAndRemoveObjectsFromQueue()" classname="com.dsags.queues.QueueTest" time="0.0"/>
  <testcase name="pollShouldReturnNullIfQueueIsEmpty()" classname="com.dsags.queues.QueueTest" time="0.0"/>
  <testcase name="newQueueShouldBeEmpty()" classname="com.dsags.queues.QueueTest" time="0.001"/>
  <testcase name="shouldBeAbleToAddToQueueAndQueueNotEmpty()" classname="com.dsags.queues.QueueTest" time="0.0"/>
  <testcase name="removeShouldThrowExceptionIfListIsEmpty()" classname="com.dsags.queues.QueueTest" time="0.0"/>
  <testcase name="pollShouldReturnValueIfQueueIsNotEmpty()" classname="com.dsags.queues.QueueTest" time="0.0"/>
  <testcase name="elementMethodShouldThrowExceptionForEmptyQueue()" classname="com.dsags.queues.QueueTest" time="0.001"/>
  <testcase name="elementMethodShouldReturnValueIfQueueIsNotEmptyButNotRemove()" classname="com.dsags.queues.QueueTest" time="0.001"/>
  <system-out><![CDATA[]]></system-out>
  <system-err><![CDATA[]]></system-err>
</testsuite>
