<?xml version="1.0" encoding="UTF-8"?>
<testsuite name="com.dsags.stacks.StackTest" tests="8" skipped="0" failures="0" errors="0" timestamp="2021-05-06T15:19:04" hostname="Keagans-MBP" time="0.022">
  <properties/>
  <testcase name="shouldPushNewValueToTopOfEmptyStack()" classname="com.dsags.stacks.StackTest" time="0.015"/>
  <testcase name="searchShouldReturnOneBasedIndexIfFound()" classname="com.dsags.stacks.StackTest" time="0.0"/>
  <testcase name="searchShouldReturnNegativeOneIfStackIsEmpty()" classname="com.dsags.stacks.StackTest" time="0.0"/>
  <testcase name="shouldPushNewValueToTopOfStack()" classname="com.dsags.stacks.StackTest" time="0.001"/>
  <testcase name="searchShouldReturnNegativeOneForMissingObject()" classname="com.dsags.stacks.StackTest" time="0.001"/>
  <testcase name="stackShouldStartEmpty()" classname="com.dsags.stacks.StackTest" time="0.001"/>
  <testcase name="popShouldThrowExceptionForEmptyStack()" classname="com.dsags.stacks.StackTest" time="0.001"/>
  <testcase name="shouldPopValueOffTopOfStackAndReturnValue()" classname="com.dsags.stacks.StackTest" time="0.0"/>
  <system-out><![CDATA[]]></system-out>
  <system-err><![CDATA[]]></system-err>
</testsuite>
